<?xml version="1.0" encoding="UTF-8"?>
<!-- Generated by org.testng.reporters.JUnitXMLReporter -->
<testsuite hostname="Dhiren" ignored="0" name="Default test" tests="3" failures="0" timestamp="2020-09-24T12:02:20 EDT" time="0.033" errors="0">
  <testcase name="testcase1" time="0.005" classname="com.testCases.TestCases"/>
  <testcase name="testcases2" time="0.001" classname="com.testCases.TestCases"/>
  <testcase name="testcases3" time="0.001" classname="com.testCases.TestCases"/>
</testsuite> <!-- Default test -->
