<?xml version="1.0" encoding="UTF-8"?>
<testng-results skipped="0" failed="0" ignored="0" total="3" passed="3">
  <reporter-output>
  </reporter-output>
  <suite name="com.testCases.TestCases" duration-ms="34" started-at="2020-09-24T12:14:18 EDT" finished-at="2020-09-24T12:14:18 EDT">
    <groups>
    </groups>
    <test name="Command line test" duration-ms="34" started-at="2020-09-24T12:14:18 EDT" finished-at="2020-09-24T12:14:18 EDT">
      <class name="com.testCases.TestCases">
        <test-method status="PASS" signature="testcase1()[pri:0, instance:com.testCases.TestCases@6767c1fc]" name="testcase1" duration-ms="5" started-at="2020-09-24T12:14:18 EDT" finished-at="2020-09-24T12:14:18 EDT">
          <reporter-output>
          </reporter-output>
        </test-method> <!-- testcase1 -->
        <test-method status="PASS" signature="testcases2()[pri:0, instance:com.testCases.TestCases@6767c1fc]" name="testcases2" duration-ms="0" started-at="2020-09-24T12:14:18 EDT" finished-at="2020-09-24T12:14:18 EDT">
          <reporter-output>
          </reporter-output>
        </test-method> <!-- testcases2 -->
        <test-method status="PASS" signature="testcases3()[pri:0, instance:com.testCases.TestCases@6767c1fc]" name="testcases3" duration-ms="0" started-at="2020-09-24T12:14:18 EDT" finished-at="2020-09-24T12:14:18 EDT">
          <reporter-output>
          </reporter-output>
        </test-method> <!-- testcases3 -->
      </class> <!-- com.testCases.TestCases -->
    </test> <!-- Command line test -->
  </suite> <!-- com.testCases.TestCases -->
</testng-results>
