<?xml version="1.0" encoding="UTF-8"?>
<testng-results skipped="0" failed="0" ignored="0" total="3" passed="3">
  <reporter-output>
  </reporter-output>
  <suite name="Suite" duration-ms="37" started-at="2020-09-24T12:03:42 EDT" finished-at="2020-09-24T12:03:42 EDT">
    <groups>
    </groups>
    <test name="Test" duration-ms="37" started-at="2020-09-24T12:03:42 EDT" finished-at="2020-09-24T12:03:42 EDT">
      <class name="com.testCases.TestCases">
        <test-method status="PASS" signature="testcase1()[pri:0, instance:com.testCases.TestCases@6b09bb57]" name="testcase1" duration-ms="6" started-at="2020-09-24T12:03:42 EDT" finished-at="2020-09-24T12:03:42 EDT">
          <reporter-output>
          </reporter-output>
        </test-method> <!-- testcase1 -->
        <test-method status="PASS" signature="testcases2()[pri:0, instance:com.testCases.TestCases@6b09bb57]" name="testcases2" duration-ms="1" started-at="2020-09-24T12:03:42 EDT" finished-at="2020-09-24T12:03:42 EDT">
          <reporter-output>
          </reporter-output>
        </test-method> <!-- testcases2 -->
        <test-method status="PASS" signature="testcases3()[pri:0, instance:com.testCases.TestCases@6b09bb57]" name="testcases3" duration-ms="1" started-at="2020-09-24T12:03:42 EDT" finished-at="2020-09-24T12:03:42 EDT">
          <reporter-output>
          </reporter-output>
        </test-method> <!-- testcases3 -->
      </class> <!-- com.testCases.TestCases -->
    </test> <!-- Test -->
  </suite> <!-- Suite -->
</testng-results>
